<?xml version="1.0" encoding="UTF-8"?>
<!-- Generated by org.testng.reporters.JUnitReportReporter -->
<testsuite hostname="DESKTOP-VK8DO52" failures="0" tests="2" name="com.testNG.GroupA" time="0.016" errors="0" timestamp="2024-01-04T13:33:23 IST" skipped="0">
  <testcase classname="com.testNG.GroupA" name="tc31" time="0.013"/>
  <testcase classname="com.testNG.GroupA" name="tc61" time="0.003"/>
</testsuite> <!-- com.testNG.GroupA -->
