<?xml version="1.0" encoding="UTF-8"?>
<!-- Generated by org.testng.reporters.JUnitReportReporter -->
<testsuite hostname="DESKTOP-VK8DO52" failures="0" tests="3" name="com.testNG.CrossBrowserTesting" time="18.250" errors="0" timestamp="2024-01-04T15:15:01 IST" skipped="0">
  <testcase classname="com.testNG.CrossBrowserTesting" name="tc1" time="4.033"/>
  <testcase classname="com.testNG.CrossBrowserTesting" name="tc1" time="8.423"/>
  <testcase classname="com.testNG.CrossBrowserTesting" name="tc1" time="5.794"/>
</testsuite> <!-- com.testNG.CrossBrowserTesting -->
