<?xml version="1.0" encoding="UTF-8"?>
<!-- Generated by org.testng.reporters.JUnitReportReporter -->
<testsuite hostname="DESKTOP-VK8DO52" failures="0" tests="4" name="com.testNG.SuiteExampleOne" time="0.006" errors="0" timestamp="2023-12-29T13:16:24 IST" skipped="0">
  <testcase classname="com.testNG.SuiteExampleOne" name="tc65" time="0.002"/>
  <testcase classname="com.testNG.SuiteExampleOne" name="tc63" time="0.001"/>
  <testcase classname="com.testNG.SuiteExampleOne" name="tc67" time="0.001"/>
  <testcase classname="com.testNG.SuiteExampleOne" name="tc62" time="0.002"/>
</testsuite> <!-- com.testNG.SuiteExampleOne -->
