<?xml version="1.0" encoding="UTF-8"?>
<!-- Generated by org.testng.reporters.JUnitReportReporter -->
<testsuite hostname="DESKTOP-VK8DO52" failures="0" tests="3" name="com.testNG.DataProviderPractice" time="26.943" errors="0" timestamp="2023-12-30T16:48:05 IST" skipped="0">
  <testcase classname="com.testNG.DataProviderPractice" name="loginTestCase" time="8.724"/>
  <testcase classname="com.testNG.DataProviderPractice" name="loginTestCase" time="11.559"/>
  <testcase classname="com.testNG.DataProviderPractice" name="loginTestCase" time="6.660"/>
</testsuite> <!-- com.testNG.DataProviderPractice -->
