<?xml version="1.0" encoding="UTF-8"?>
<!-- Generated by org.testng.reporters.JUnitReportReporter -->
<testsuite hostname="DESKTOP-VK8DO52" failures="0" tests="2" name="com.testNG.GroupB" time="0.003" errors="0" timestamp="2024-01-04T13:33:23 IST" skipped="0">
  <testcase classname="com.testNG.GroupB" name="tc2" time="0.001"/>
  <testcase classname="com.testNG.GroupB" name="tc3" time="0.002"/>
</testsuite> <!-- com.testNG.GroupB -->
