<?xml version="1.0" encoding="UTF-8"?>
<!-- Generated by org.testng.reporters.JUnitReportReporter -->
<testsuite hostname="DESKTOP-VK8DO52" failures="0" tests="4" name="com.testNG.SuiteExampleTwo" time="0.020" errors="0" timestamp="2023-12-29T13:16:24 IST" skipped="0">
  <testcase classname="com.testNG.SuiteExampleTwo" name="tc72" time="0.002"/>
  <testcase classname="com.testNG.SuiteExampleTwo" name="tc75" time="0.002"/>
  <testcase classname="com.testNG.SuiteExampleTwo" name="tc71" time="0.014"/>
  <testcase classname="com.testNG.SuiteExampleTwo" name="tc76" time="0.002"/>
</testsuite> <!-- com.testNG.SuiteExampleTwo -->
