<?xml version="1.0" encoding="UTF-8"?>
<!-- Generated by org.testng.reporters.JUnitReportReporter -->
<testsuite hostname="DESKTOP-VK8DO52" failures="0" tests="4" name="com.testNG.SeqAndPaeExecutionTwo" time="0.020" errors="0" timestamp="2024-01-04T14:39:35 IST" skipped="0">
  <testcase classname="com.testNG.SeqAndPaeExecutionTwo" name="tc11" time="0.013"/>
  <testcase classname="com.testNG.SeqAndPaeExecutionTwo" name="tc31" time="0.003"/>
  <testcase classname="com.testNG.SeqAndPaeExecutionTwo" name="tc41" time="0.002"/>
  <testcase classname="com.testNG.SeqAndPaeExecutionTwo" name="tc61" time="0.002"/>
</testsuite> <!-- com.testNG.SeqAndPaeExecutionTwo -->
