<?xml version="1.0" encoding="UTF-8"?>
<!-- Generated by org.testng.reporters.JUnitReportReporter -->
<testsuite hostname="DESKTOP-VK8DO52" failures="0" tests="1" name="com.testNG.AssertPractice" time="2.393" errors="0" timestamp="2024-01-04T14:19:05 IST" skipped="0">
  <testcase classname="com.testNG.AssertPractice" name="Facebook" time="2.393"/>
</testsuite> <!-- com.testNG.AssertPractice -->
