<?xml version="1.0" encoding="UTF-8"?>
<!-- Generated by org.testng.reporters.JUnitReportReporter -->
<testsuite hostname="DESKTOP-VK8DO52" failures="0" tests="4" name="com.testNG.SeqAndParExecutionOne" time="0.019" errors="0" timestamp="2024-01-04T14:39:35 IST" skipped="0">
  <testcase classname="com.testNG.SeqAndParExecutionOne" name="tc1" time="0.013"/>
  <testcase classname="com.testNG.SeqAndParExecutionOne" name="tc3" time="0.002"/>
  <testcase classname="com.testNG.SeqAndParExecutionOne" name="tc4" time="0.002"/>
  <testcase classname="com.testNG.SeqAndParExecutionOne" name="tc6" time="0.002"/>
</testsuite> <!-- com.testNG.SeqAndParExecutionOne -->
