<?xml version="1.0" encoding="UTF-8"?>
<!-- Generated by org.testng.reporters.JUnitReportReporter -->
<testsuite hostname="DESKTOP-VK8DO52" failures="0" tests="5" name="com.testNG.AnnotationsPractice" time="0.005" errors="0" timestamp="06 Feb 2024 06:45:07 GMT" skipped="0">
  <testcase classname="com.testNG.AnnotationsPractice" name="tc02" time="0.001"/>
  <testcase classname="com.testNG.AnnotationsPractice" name="tc04" time="0.000"/>
  <testcase classname="com.testNG.AnnotationsPractice" name="tc01" time="0.004"/>
  <testcase classname="com.testNG.AnnotationsPractice" name="tc05" time="0.000"/>
  <testcase classname="com.testNG.AnnotationsPractice" name="tc03" time="0.000"/>
</testsuite> <!-- com.testNG.AnnotationsPractice -->
